<?xml version="1.0" encoding="UTF-8"?>
<testng-results ignored="0" total="1" passed="1" failed="0" skipped="0">
  <reporter-output>
  </reporter-output>
  <suite started-at="2021-09-14T16:39:37 IST" name="Default suite" finished-at="2021-09-14T16:39:41 IST" duration-ms="4382">
    <groups>
    </groups>
    <test started-at="2021-09-14T16:39:37 IST" name="Default test" finished-at="2021-09-14T16:39:41 IST" duration-ms="4382">
      <class name="teatclass.Generateaccesstoken">
        <test-method signature="GenerateToken()[pri:0, instance:teatclass.Generateaccesstoken@1ed1993a]" started-at="2021-09-14T16:39:37 IST" name="GenerateToken" finished-at="2021-09-14T16:39:41 IST" duration-ms="4314" status="PASS">
          <reporter-output>
          </reporter-output>
        </test-method> <!-- GenerateToken -->
      </class> <!-- teatclass.Generateaccesstoken -->
    </test> <!-- Default test -->
  </suite> <!-- Default suite -->
</testng-results>
