<?xml version="1.0" encoding="UTF-8"?>
<testng-results ignored="0" total="1" passed="1" failed="0" skipped="0">
  <reporter-output>
  </reporter-output>
  <suite started-at="2021-09-21T18:18:37 IST" name="Default suite" finished-at="2021-09-21T18:18:37 IST" duration-ms="85">
    <groups>
    </groups>
    <test started-at="2021-09-21T18:18:37 IST" name="Default test" finished-at="2021-09-21T18:18:37 IST" duration-ms="85">
      <class name="demo.First">
        <test-method signature="t()[pri:0, instance:demo.First@29647f75]" started-at="2021-09-21T18:18:37 IST" name="t" finished-at="2021-09-21T18:18:37 IST" duration-ms="16" status="PASS">
          <reporter-output>
          </reporter-output>
        </test-method> <!-- t -->
      </class> <!-- demo.First -->
    </test> <!-- Default test -->
  </suite> <!-- Default suite -->
</testng-results>
